This file contains any messages produced by compilers while
running configure, to aid debugging if configure makes a mistake.

It was created by astrostruct configure 1.0, which was
generated by GNU Autoconf 2.69.  Invocation command line was

  $ ./configure 

## --------- ##
## Platform. ##
## --------- ##

hostname = Winston
uname -m = x86_64
uname -r = 3.3.7-1-ARCH
uname -s = Linux
uname -v = #1 SMP PREEMPT Tue May 22 00:26:26 CEST 2012

/usr/bin/uname -p = unknown
/bin/uname -X     = unknown

/bin/arch              = unknown
/usr/bin/arch -k       = unknown
/usr/convex/getsysinfo = unknown
/usr/bin/hostinfo      = unknown
/bin/machine           = unknown
/usr/bin/oslevel       = unknown
/bin/universe          = unknown

PATH: /usr/local/bin
PATH: /usr/bin
PATH: /bin
PATH: /usr/local/sbin
PATH: /usr/sbin
PATH: /sbin
PATH: /usr/bin/core_perl


## ----------- ##
## Core tests. ##
## ----------- ##

configure:2252: checking for g++
configure:2268: found /usr/bin/g++
configure:2279: result: g++
configure:2306: checking for C++ compiler version
configure:2315: g++ --version >&5
g++ (GCC) 4.7.0 20120505 (prerelease)
Copyright (C) 2012 Free Software Foundation, Inc.
This is free software; see the source for copying conditions.  There is NO
warranty; not even for MERCHANTABILITY or FITNESS FOR A PARTICULAR PURPOSE.

configure:2326: $? = 0
configure:2315: g++ -v >&5
Using built-in specs.
COLLECT_GCC=g++
COLLECT_LTO_WRAPPER=/usr/lib/gcc/x86_64-unknown-linux-gnu/4.7.0/lto-wrapper
Target: x86_64-unknown-linux-gnu
Configured with: /build/src/gcc-4.7-20120505/configure --prefix=/usr --libdir=/usr/lib --libexecdir=/usr/lib --mandir=/usr/share/man --infodir=/usr/share/info --with-bugurl=https://bugs.archlinux.org/ --enable-languages=c,c++,ada,fortran,go,lto,objc,obj-c++ --enable-shared --enable-threads=posix --with-system-zlib --enable-__cxa_atexit --disable-libunwind-exceptions --enable-clocale=gnu --disable-libstdcxx-pch --enable-libstdcxx-time --enable-gnu-unique-object --enable-linker-build-id --with-ppl --enable-cloog-backend=isl --enable-lto --enable-gold --enable-ld=default --enable-plugin --with-plugin-ld=ld.gold --with-linker-hash-style=gnu --disable-multilib --disable-libssp --disable-build-with-cxx --disable-build-poststage1-with-cxx --enable-checking=release
Thread model: posix
gcc version 4.7.0 20120505 (prerelease) (GCC) 
configure:2326: $? = 0
configure:2315: g++ -V >&5
g++: error: unrecognized command line option '-V'
g++: fatal error: no input files
compilation terminated.
configure:2326: $? = 1
configure:2315: g++ -qversion >&5
g++: error: unrecognized command line option '-qversion'
g++: fatal error: no input files
compilation terminated.
configure:2326: $? = 1
configure:2346: checking whether the C++ compiler works
configure:2368: g++    conftest.cpp  >&5
configure:2372: $? = 0
configure:2420: result: yes
configure:2423: checking for C++ compiler default output file name
configure:2425: result: a.out
configure:2431: checking for suffix of executables
configure:2438: g++ -o conftest    conftest.cpp  >&5
configure:2442: $? = 0
configure:2464: result: 
configure:2486: checking whether we are cross compiling
configure:2494: g++ -o conftest    conftest.cpp  >&5
configure:2498: $? = 0
configure:2505: ./conftest
configure:2509: $? = 0
configure:2524: result: no
configure:2529: checking for suffix of object files
configure:2551: g++ -c   conftest.cpp >&5
configure:2555: $? = 0
configure:2576: result: o
configure:2580: checking whether we are using the GNU C++ compiler
configure:2599: g++ -c   conftest.cpp >&5
configure:2599: $? = 0
configure:2608: result: yes
configure:2617: checking whether g++ accepts -g
configure:2637: g++ -c -g  conftest.cpp >&5
configure:2637: $? = 0
configure:2678: result: yes
configure:2749: checking for gcc
configure:2765: found /usr/bin/gcc
configure:2776: result: gcc
configure:3005: checking for C compiler version
configure:3014: gcc --version >&5
gcc (GCC) 4.7.0 20120505 (prerelease)
Copyright (C) 2012 Free Software Foundation, Inc.
This is free software; see the source for copying conditions.  There is NO
warranty; not even for MERCHANTABILITY or FITNESS FOR A PARTICULAR PURPOSE.

configure:3025: $? = 0
configure:3014: gcc -v >&5
Using built-in specs.
COLLECT_GCC=gcc
COLLECT_LTO_WRAPPER=/usr/lib/gcc/x86_64-unknown-linux-gnu/4.7.0/lto-wrapper
Target: x86_64-unknown-linux-gnu
Configured with: /build/src/gcc-4.7-20120505/configure --prefix=/usr --libdir=/usr/lib --libexecdir=/usr/lib --mandir=/usr/share/man --infodir=/usr/share/info --with-bugurl=https://bugs.archlinux.org/ --enable-languages=c,c++,ada,fortran,go,lto,objc,obj-c++ --enable-shared --enable-threads=posix --with-system-zlib --enable-__cxa_atexit --disable-libunwind-exceptions --enable-clocale=gnu --disable-libstdcxx-pch --enable-libstdcxx-time --enable-gnu-unique-object --enable-linker-build-id --with-ppl --enable-cloog-backend=isl --enable-lto --enable-gold --enable-ld=default --enable-plugin --with-plugin-ld=ld.gold --with-linker-hash-style=gnu --disable-multilib --disable-libssp --disable-build-with-cxx --disable-build-poststage1-with-cxx --enable-checking=release
Thread model: posix
gcc version 4.7.0 20120505 (prerelease) (GCC) 
configure:3025: $? = 0
configure:3014: gcc -V >&5
gcc: error: unrecognized command line option '-V'
gcc: fatal error: no input files
compilation terminated.
configure:3025: $? = 1
configure:3014: gcc -qversion >&5
gcc: error: unrecognized command line option '-qversion'
gcc: fatal error: no input files
compilation terminated.
configure:3025: $? = 1
configure:3029: checking whether we are using the GNU C compiler
configure:3048: gcc -c   conftest.c >&5
configure:3048: $? = 0
configure:3057: result: yes
configure:3066: checking whether gcc accepts -g
configure:3086: gcc -c -g  conftest.c >&5
configure:3086: $? = 0
configure:3127: result: yes
configure:3144: checking for gcc option to accept ISO C89
configure:3207: gcc  -c -g -O2  conftest.c >&5
configure:3207: $? = 0
configure:3220: result: none needed
configure:3283: checking for a BSD-compatible install
configure:3351: result: /usr/bin/install -c
configure:3372: checking for library containing glBegin
configure:3403: g++ -o conftest -g -O2   conftest.cpp  >&5
/tmp/ccUphYs8.o: In function `main':
/home/naelstrof/Projects/astrostruct/conftest.cpp:20: undefined reference to `glBegin'
collect2: error: ld returned 1 exit status
configure:3403: $? = 1
configure: failed program was:
| /* confdefs.h */
| #define PACKAGE_NAME "astrostruct"
| #define PACKAGE_TARNAME "astrostruct"
| #define PACKAGE_VERSION "1.0"
| #define PACKAGE_STRING "astrostruct 1.0"
| #define PACKAGE_BUGREPORT "naelstrof@gmail.com"
| #define PACKAGE_URL ""
| /* end confdefs.h.  */
| 
| /* Override any GCC internal prototype to avoid an error.
|    Use char because int might match the return type of a GCC
|    builtin and then its argument prototype would still apply.  */
| #ifdef __cplusplus
| extern "C"
| #endif
| char glBegin ();
| int
| main ()
| {
| return glBegin ();
|   ;
|   return 0;
| }
configure:3403: g++ -o conftest -g -O2   conftest.cpp -lGL   >&5
configure:3403: $? = 0
configure:3420: result: -lGL
configure:3469: checking for library containing glewInit
configure:3500: g++ -o conftest -g -O2   conftest.cpp -lGL  >&5
/tmp/ccvJy5Rj.o: In function `main':
/home/naelstrof/Projects/astrostruct/conftest.cpp:20: undefined reference to `glewInit'
collect2: error: ld returned 1 exit status
configure:3500: $? = 1
configure: failed program was:
| /* confdefs.h */
| #define PACKAGE_NAME "astrostruct"
| #define PACKAGE_TARNAME "astrostruct"
| #define PACKAGE_VERSION "1.0"
| #define PACKAGE_STRING "astrostruct 1.0"
| #define PACKAGE_BUGREPORT "naelstrof@gmail.com"
| #define PACKAGE_URL ""
| /* end confdefs.h.  */
| 
| /* Override any GCC internal prototype to avoid an error.
|    Use char because int might match the return type of a GCC
|    builtin and then its argument prototype would still apply.  */
| #ifdef __cplusplus
| extern "C"
| #endif
| char glewInit ();
| int
| main ()
| {
| return glewInit ();
|   ;
|   return 0;
| }
configure:3500: g++ -o conftest -g -O2   conftest.cpp -lGLEW  -lGL  >&5
configure:3500: $? = 0
configure:3517: result: -lGLEW
configure:3566: checking for library containing glfwInit
configure:3597: g++ -o conftest -g -O2   conftest.cpp -lGLEW -lGL  >&5
/tmp/ccpWpcos.o: In function `main':
/home/naelstrof/Projects/astrostruct/conftest.cpp:20: undefined reference to `glfwInit'
collect2: error: ld returned 1 exit status
configure:3597: $? = 1
configure: failed program was:
| /* confdefs.h */
| #define PACKAGE_NAME "astrostruct"
| #define PACKAGE_TARNAME "astrostruct"
| #define PACKAGE_VERSION "1.0"
| #define PACKAGE_STRING "astrostruct 1.0"
| #define PACKAGE_BUGREPORT "naelstrof@gmail.com"
| #define PACKAGE_URL ""
| /* end confdefs.h.  */
| 
| /* Override any GCC internal prototype to avoid an error.
|    Use char because int might match the return type of a GCC
|    builtin and then its argument prototype would still apply.  */
| #ifdef __cplusplus
| extern "C"
| #endif
| char glfwInit ();
| int
| main ()
| {
| return glfwInit ();
|   ;
|   return 0;
| }
configure:3597: g++ -o conftest -g -O2   conftest.cpp -lglfw  -lGLEW -lGL  >&5
configure:3597: $? = 0
configure:3614: result: -lglfw
configure:3663: checking for library containing FT_Init_FreeType
configure:3694: g++ -o conftest -g -O2   conftest.cpp -lglfw -lGLEW -lGL  >&5
/tmp/ccdD8LnH.o: In function `main':
/home/naelstrof/Projects/astrostruct/conftest.cpp:20: undefined reference to `FT_Init_FreeType'
collect2: error: ld returned 1 exit status
configure:3694: $? = 1
configure: failed program was:
| /* confdefs.h */
| #define PACKAGE_NAME "astrostruct"
| #define PACKAGE_TARNAME "astrostruct"
| #define PACKAGE_VERSION "1.0"
| #define PACKAGE_STRING "astrostruct 1.0"
| #define PACKAGE_BUGREPORT "naelstrof@gmail.com"
| #define PACKAGE_URL ""
| /* end confdefs.h.  */
| 
| /* Override any GCC internal prototype to avoid an error.
|    Use char because int might match the return type of a GCC
|    builtin and then its argument prototype would still apply.  */
| #ifdef __cplusplus
| extern "C"
| #endif
| char FT_Init_FreeType ();
| int
| main ()
| {
| return FT_Init_FreeType ();
|   ;
|   return 0;
| }
configure:3694: g++ -o conftest -g -O2   conftest.cpp -lfreetype  -lglfw -lGLEW -lGL  >&5
configure:3694: $? = 0
configure:3711: result: -lfreetype
configure:3760: checking for library containing luaL_register
configure:3791: g++ -o conftest -g -O2   conftest.cpp -lfreetype -lglfw -lGLEW -lGL  >&5
/tmp/ccYUi7jS.o: In function `main':
/home/naelstrof/Projects/astrostruct/conftest.cpp:20: undefined reference to `luaL_register'
collect2: error: ld returned 1 exit status
configure:3791: $? = 1
configure: failed program was:
| /* confdefs.h */
| #define PACKAGE_NAME "astrostruct"
| #define PACKAGE_TARNAME "astrostruct"
| #define PACKAGE_VERSION "1.0"
| #define PACKAGE_STRING "astrostruct 1.0"
| #define PACKAGE_BUGREPORT "naelstrof@gmail.com"
| #define PACKAGE_URL ""
| /* end confdefs.h.  */
| 
| /* Override any GCC internal prototype to avoid an error.
|    Use char because int might match the return type of a GCC
|    builtin and then its argument prototype would still apply.  */
| #ifdef __cplusplus
| extern "C"
| #endif
| char luaL_register ();
| int
| main ()
| {
| return luaL_register ();
|   ;
|   return 0;
| }
configure:3791: g++ -o conftest -g -O2   conftest.cpp -llua  -lfreetype -lglfw -lGLEW -lGL  >&5
configure:3791: $? = 0
configure:3808: result: -llua
configure:3857: checking for library containing SOIL_load_OGL_texture
configure:3888: g++ -o conftest -g -O2   conftest.cpp -llua -lfreetype -lglfw -lGLEW -lGL  >&5
/tmp/ccEY0E75.o: In function `main':
/home/naelstrof/Projects/astrostruct/conftest.cpp:20: undefined reference to `SOIL_load_OGL_texture'
collect2: error: ld returned 1 exit status
configure:3888: $? = 1
configure: failed program was:
| /* confdefs.h */
| #define PACKAGE_NAME "astrostruct"
| #define PACKAGE_TARNAME "astrostruct"
| #define PACKAGE_VERSION "1.0"
| #define PACKAGE_STRING "astrostruct 1.0"
| #define PACKAGE_BUGREPORT "naelstrof@gmail.com"
| #define PACKAGE_URL ""
| /* end confdefs.h.  */
| 
| /* Override any GCC internal prototype to avoid an error.
|    Use char because int might match the return type of a GCC
|    builtin and then its argument prototype would still apply.  */
| #ifdef __cplusplus
| extern "C"
| #endif
| char SOIL_load_OGL_texture ();
| int
| main ()
| {
| return SOIL_load_OGL_texture ();
|   ;
|   return 0;
| }
configure:3888: g++ -o conftest -g -O2   conftest.cpp -lSOIL  -llua -lfreetype -lglfw -lGLEW -lGL  >&5
configure:3888: $? = 0
configure:3905: result: -lSOIL
configure:3954: checking for library containing alcOpenDevice
configure:3985: g++ -o conftest -g -O2   conftest.cpp -lSOIL -llua -lfreetype -lglfw -lGLEW -lGL  >&5
/tmp/ccq4CAba.o: In function `main':
/home/naelstrof/Projects/astrostruct/conftest.cpp:20: undefined reference to `alcOpenDevice'
collect2: error: ld returned 1 exit status
configure:3985: $? = 1
configure: failed program was:
| /* confdefs.h */
| #define PACKAGE_NAME "astrostruct"
| #define PACKAGE_TARNAME "astrostruct"
| #define PACKAGE_VERSION "1.0"
| #define PACKAGE_STRING "astrostruct 1.0"
| #define PACKAGE_BUGREPORT "naelstrof@gmail.com"
| #define PACKAGE_URL ""
| /* end confdefs.h.  */
| 
| /* Override any GCC internal prototype to avoid an error.
|    Use char because int might match the return type of a GCC
|    builtin and then its argument prototype would still apply.  */
| #ifdef __cplusplus
| extern "C"
| #endif
| char alcOpenDevice ();
| int
| main ()
| {
| return alcOpenDevice ();
|   ;
|   return 0;
| }
configure:3985: g++ -o conftest -g -O2   conftest.cpp -lopenal  -lSOIL -llua -lfreetype -lglfw -lGLEW -lGL  >&5
configure:3985: $? = 0
configure:4002: result: -lopenal
configure:4051: checking for library containing alureInitDevice
configure:4082: g++ -o conftest -g -O2   conftest.cpp -lopenal -lSOIL -llua -lfreetype -lglfw -lGLEW -lGL  >&5
/tmp/cc85sqCq.o: In function `main':
/home/naelstrof/Projects/astrostruct/conftest.cpp:20: undefined reference to `alureInitDevice'
collect2: error: ld returned 1 exit status
configure:4082: $? = 1
configure: failed program was:
| /* confdefs.h */
| #define PACKAGE_NAME "astrostruct"
| #define PACKAGE_TARNAME "astrostruct"
| #define PACKAGE_VERSION "1.0"
| #define PACKAGE_STRING "astrostruct 1.0"
| #define PACKAGE_BUGREPORT "naelstrof@gmail.com"
| #define PACKAGE_URL ""
| /* end confdefs.h.  */
| 
| /* Override any GCC internal prototype to avoid an error.
|    Use char because int might match the return type of a GCC
|    builtin and then its argument prototype would still apply.  */
| #ifdef __cplusplus
| extern "C"
| #endif
| char alureInitDevice ();
| int
| main ()
| {
| return alureInitDevice ();
|   ;
|   return 0;
| }
configure:4082: g++ -o conftest -g -O2   conftest.cpp -lalure  -lopenal -lSOIL -llua -lfreetype -lglfw -lGLEW -lGL  >&5
configure:4082: $? = 0
configure:4099: result: -lalure
configure:4151: checking for library containing PHYSFS_init
configure:4182: g++ -o conftest -g -O2   conftest.cpp -lalure -lopenal -lSOIL -llua -lfreetype -lglfw -lGLEW -lGL  >&5
/tmp/ccT6sgWD.o: In function `main':
/home/naelstrof/Projects/astrostruct/conftest.cpp:20: undefined reference to `PHYSFS_init'
collect2: error: ld returned 1 exit status
configure:4182: $? = 1
configure: failed program was:
| /* confdefs.h */
| #define PACKAGE_NAME "astrostruct"
| #define PACKAGE_TARNAME "astrostruct"
| #define PACKAGE_VERSION "1.0"
| #define PACKAGE_STRING "astrostruct 1.0"
| #define PACKAGE_BUGREPORT "naelstrof@gmail.com"
| #define PACKAGE_URL ""
| /* end confdefs.h.  */
| 
| /* Override any GCC internal prototype to avoid an error.
|    Use char because int might match the return type of a GCC
|    builtin and then its argument prototype would still apply.  */
| #ifdef __cplusplus
| extern "C"
| #endif
| char PHYSFS_init ();
| int
| main ()
| {
| return PHYSFS_init ();
|   ;
|   return 0;
| }
configure:4182: g++ -o conftest -g -O2   conftest.cpp -lphysfs  -lalure -lopenal -lSOIL -llua -lfreetype -lglfw -lGLEW -lGL  >&5
configure:4182: $? = 0
configure:4199: result: -lphysfs
configure:4254: checking how to run the C++ preprocessor
configure:4281: g++ -E  conftest.cpp
configure:4281: $? = 0
configure:4295: g++ -E  conftest.cpp
conftest.cpp:9:28: fatal error: ac_nonexistent.h: No such file or directory
compilation terminated.
configure:4295: $? = 1
configure: failed program was:
| /* confdefs.h */
| #define PACKAGE_NAME "astrostruct"
| #define PACKAGE_TARNAME "astrostruct"
| #define PACKAGE_VERSION "1.0"
| #define PACKAGE_STRING "astrostruct 1.0"
| #define PACKAGE_BUGREPORT "naelstrof@gmail.com"
| #define PACKAGE_URL ""
| /* end confdefs.h.  */
| #include <ac_nonexistent.h>
configure:4320: result: g++ -E
configure:4340: g++ -E  conftest.cpp
configure:4340: $? = 0
configure:4354: g++ -E  conftest.cpp
conftest.cpp:9:28: fatal error: ac_nonexistent.h: No such file or directory
compilation terminated.
configure:4354: $? = 1
configure: failed program was:
| /* confdefs.h */
| #define PACKAGE_NAME "astrostruct"
| #define PACKAGE_TARNAME "astrostruct"
| #define PACKAGE_VERSION "1.0"
| #define PACKAGE_STRING "astrostruct 1.0"
| #define PACKAGE_BUGREPORT "naelstrof@gmail.com"
| #define PACKAGE_URL ""
| /* end confdefs.h.  */
| #include <ac_nonexistent.h>
configure:4383: checking for grep that handles long lines and -e
configure:4441: result: /usr/bin/grep
configure:4446: checking for egrep
configure:4508: result: /usr/bin/grep -E
configure:4513: checking for ANSI C header files
configure:4533: g++ -c -g -O2  conftest.cpp >&5
configure:4533: $? = 0
configure:4606: g++ -o conftest -g -O2   conftest.cpp -lphysfs -lalure -lopenal -lSOIL -llua -lfreetype -lglfw -lGLEW -lGL  >&5
configure:4606: $? = 0
configure:4606: ./conftest
configure:4606: $? = 0
configure:4617: result: yes
configure:4630: checking for sys/types.h
configure:4630: g++ -c -g -O2  conftest.cpp >&5
configure:4630: $? = 0
configure:4630: result: yes
configure:4630: checking for sys/stat.h
configure:4630: g++ -c -g -O2  conftest.cpp >&5
configure:4630: $? = 0
configure:4630: result: yes
configure:4630: checking for stdlib.h
configure:4630: g++ -c -g -O2  conftest.cpp >&5
configure:4630: $? = 0
configure:4630: result: yes
configure:4630: checking for string.h
configure:4630: g++ -c -g -O2  conftest.cpp >&5
configure:4630: $? = 0
configure:4630: result: yes
configure:4630: checking for memory.h
configure:4630: g++ -c -g -O2  conftest.cpp >&5
configure:4630: $? = 0
configure:4630: result: yes
configure:4630: checking for strings.h
configure:4630: g++ -c -g -O2  conftest.cpp >&5
configure:4630: $? = 0
configure:4630: result: yes
configure:4630: checking for inttypes.h
configure:4630: g++ -c -g -O2  conftest.cpp >&5
configure:4630: $? = 0
configure:4630: result: yes
configure:4630: checking for stdint.h
configure:4630: g++ -c -g -O2  conftest.cpp >&5
configure:4630: $? = 0
configure:4630: result: yes
configure:4630: checking for unistd.h
configure:4630: g++ -c -g -O2  conftest.cpp >&5
configure:4630: $? = 0
configure:4630: result: yes
configure:4644: checking freetype/freetype.h usability
configure:4644: g++ -c -g -O2  conftest.cpp >&5
conftest.cpp:52:31: fatal error: freetype/freetype.h: No such file or directory
compilation terminated.
configure:4644: $? = 1
configure: failed program was:
| /* confdefs.h */
| #define PACKAGE_NAME "astrostruct"
| #define PACKAGE_TARNAME "astrostruct"
| #define PACKAGE_VERSION "1.0"
| #define PACKAGE_STRING "astrostruct 1.0"
| #define PACKAGE_BUGREPORT "naelstrof@gmail.com"
| #define PACKAGE_URL ""
| #define STDC_HEADERS 1
| #define HAVE_SYS_TYPES_H 1
| #define HAVE_SYS_STAT_H 1
| #define HAVE_STDLIB_H 1
| #define HAVE_STRING_H 1
| #define HAVE_MEMORY_H 1
| #define HAVE_STRINGS_H 1
| #define HAVE_INTTYPES_H 1
| #define HAVE_STDINT_H 1
| #define HAVE_UNISTD_H 1
| /* end confdefs.h.  */
| #include <stdio.h>
| #ifdef HAVE_SYS_TYPES_H
| # include <sys/types.h>
| #endif
| #ifdef HAVE_SYS_STAT_H
| # include <sys/stat.h>
| #endif
| #ifdef STDC_HEADERS
| # include <stdlib.h>
| # include <stddef.h>
| #else
| # ifdef HAVE_STDLIB_H
| #  include <stdlib.h>
| # endif
| #endif
| #ifdef HAVE_STRING_H
| # if !defined STDC_HEADERS && defined HAVE_MEMORY_H
| #  include <memory.h>
| # endif
| # include <string.h>
| #endif
| #ifdef HAVE_STRINGS_H
| # include <strings.h>
| #endif
| #ifdef HAVE_INTTYPES_H
| # include <inttypes.h>
| #endif
| #ifdef HAVE_STDINT_H
| # include <stdint.h>
| #endif
| #ifdef HAVE_UNISTD_H
| # include <unistd.h>
| #endif
| #include <freetype/freetype.h>
configure:4644: result: no
configure:4644: checking freetype/freetype.h presence
configure:4644: g++ -E  conftest.cpp
conftest.cpp:19:31: fatal error: freetype/freetype.h: No such file or directory
compilation terminated.
configure:4644: $? = 1
configure: failed program was:
| /* confdefs.h */
| #define PACKAGE_NAME "astrostruct"
| #define PACKAGE_TARNAME "astrostruct"
| #define PACKAGE_VERSION "1.0"
| #define PACKAGE_STRING "astrostruct 1.0"
| #define PACKAGE_BUGREPORT "naelstrof@gmail.com"
| #define PACKAGE_URL ""
| #define STDC_HEADERS 1
| #define HAVE_SYS_TYPES_H 1
| #define HAVE_SYS_STAT_H 1
| #define HAVE_STDLIB_H 1
| #define HAVE_STRING_H 1
| #define HAVE_MEMORY_H 1
| #define HAVE_STRINGS_H 1
| #define HAVE_INTTYPES_H 1
| #define HAVE_STDINT_H 1
| #define HAVE_UNISTD_H 1
| /* end confdefs.h.  */
| #include <freetype/freetype.h>
configure:4644: result: no
configure:4644: checking for freetype/freetype.h
configure:4644: result: no
configure:4652: "Couldn't locate freetype headers, attempting to use freetype-config to find them."
configure:4664: checking utf8.h usability
configure:4664: g++ -c -g -O2 -I/usr/include/freetype2  conftest.cpp >&5
configure:4664: $? = 0
configure:4664: result: yes
configure:4664: checking utf8.h presence
configure:4664: g++ -E  conftest.cpp
configure:4664: $? = 0
configure:4664: result: yes
configure:4664: checking for utf8.h
configure:4664: result: yes
configure:4681: checking glm/glm.hpp usability
configure:4681: g++ -c -g -O2 -I/usr/include/freetype2  conftest.cpp >&5
configure:4681: $? = 0
configure:4681: result: yes
configure:4681: checking glm/glm.hpp presence
configure:4681: g++ -E  conftest.cpp
configure:4681: $? = 0
configure:4681: result: yes
configure:4681: checking for glm/glm.hpp
configure:4681: result: yes
configure:4696: checking for freetype headers...
configure:4705: g++ -c -g -O2 -I/usr/include/freetype2  conftest.cpp >&5
configure:4705: $? = 0
configure:4706: result: yes
configure:4715: checking for stdbool.h that conforms to C99
configure:4782: g++ -c -g -O2 -I/usr/include/freetype2  conftest.cpp >&5
configure:4782: $? = 0
configure:4789: result: yes
configure:4791: checking for _Bool
configure:4791: g++ -c -g -O2 -I/usr/include/freetype2  conftest.cpp >&5
conftest.cpp: In function 'int main()':
conftest.cpp:57:13: error: '_Bool' was not declared in this scope
configure:4791: $? = 1
configure: failed program was:
| /* confdefs.h */
| #define PACKAGE_NAME "astrostruct"
| #define PACKAGE_TARNAME "astrostruct"
| #define PACKAGE_VERSION "1.0"
| #define PACKAGE_STRING "astrostruct 1.0"
| #define PACKAGE_BUGREPORT "naelstrof@gmail.com"
| #define PACKAGE_URL ""
| #define STDC_HEADERS 1
| #define HAVE_SYS_TYPES_H 1
| #define HAVE_SYS_STAT_H 1
| #define HAVE_STDLIB_H 1
| #define HAVE_STRING_H 1
| #define HAVE_MEMORY_H 1
| #define HAVE_STRINGS_H 1
| #define HAVE_INTTYPES_H 1
| #define HAVE_STDINT_H 1
| #define HAVE_UNISTD_H 1
| #define HAVE_UTF8_H 1
| #define HAVE_GLM_GLM_HPP 1
| /* end confdefs.h.  */
| #include <stdio.h>
| #ifdef HAVE_SYS_TYPES_H
| # include <sys/types.h>
| #endif
| #ifdef HAVE_SYS_STAT_H
| # include <sys/stat.h>
| #endif
| #ifdef STDC_HEADERS
| # include <stdlib.h>
| # include <stddef.h>
| #else
| # ifdef HAVE_STDLIB_H
| #  include <stdlib.h>
| # endif
| #endif
| #ifdef HAVE_STRING_H
| # if !defined STDC_HEADERS && defined HAVE_MEMORY_H
| #  include <memory.h>
| # endif
| # include <string.h>
| #endif
| #ifdef HAVE_STRINGS_H
| # include <strings.h>
| #endif
| #ifdef HAVE_INTTYPES_H
| # include <inttypes.h>
| #endif
| #ifdef HAVE_STDINT_H
| # include <stdint.h>
| #endif
| #ifdef HAVE_UNISTD_H
| # include <unistd.h>
| #endif
| int
| main ()
| {
| if (sizeof (_Bool))
| 	 return 0;
|   ;
|   return 0;
| }
configure:4791: result: no
configure:4813: checking for floor
configure:4813: g++ -o conftest -g -O2 -I/usr/include/freetype2   conftest.cpp -lphysfs -lalure -lopenal -lSOIL -llua -lfreetype -lglfw -lGLEW -lGL  >&5
configure:4813: $? = 0
configure:4813: result: yes
configure:4813: checking for sqrt
configure:4813: g++ -o conftest -g -O2 -I/usr/include/freetype2   conftest.cpp -lphysfs -lalure -lopenal -lSOIL -llua -lfreetype -lglfw -lGLEW -lGL  >&5
configure:4813: $? = 0
configure:4813: result: yes
configure:4939: creating ./config.status

## ---------------------- ##
## Running config.status. ##
## ---------------------- ##

This file was extended by astrostruct config.status 1.0, which was
generated by GNU Autoconf 2.69.  Invocation command line was

  CONFIG_FILES    = 
  CONFIG_HEADERS  = 
  CONFIG_LINKS    = 
  CONFIG_COMMANDS = 
  $ ./config.status 

on Winston

config.status:810: creating Makefile
config.status:810: creating src/Makefile
config.status:810: creating src/config.h
config.status:985: src/config.h is unchanged

## ---------------- ##
## Cache variables. ##
## ---------------- ##

ac_cv_c_compiler_gnu=yes
ac_cv_cxx_compiler_gnu=yes
ac_cv_env_CCC_set=
ac_cv_env_CCC_value=
ac_cv_env_CC_set=
ac_cv_env_CC_value=
ac_cv_env_CFLAGS_set=
ac_cv_env_CFLAGS_value=
ac_cv_env_CPPFLAGS_set=
ac_cv_env_CPPFLAGS_value=
ac_cv_env_CXXCPP_set=
ac_cv_env_CXXCPP_value=
ac_cv_env_CXXFLAGS_set=
ac_cv_env_CXXFLAGS_value=
ac_cv_env_CXX_set=
ac_cv_env_CXX_value=
ac_cv_env_LDFLAGS_set=
ac_cv_env_LDFLAGS_value=
ac_cv_env_LIBS_set=
ac_cv_env_LIBS_value=
ac_cv_env_build_alias_set=
ac_cv_env_build_alias_value=
ac_cv_env_host_alias_set=
ac_cv_env_host_alias_value=
ac_cv_env_target_alias_set=
ac_cv_env_target_alias_value=
ac_cv_func_floor=yes
ac_cv_func_sqrt=yes
ac_cv_header_freetype_freetype_h=no
ac_cv_header_glm_glm_hpp=yes
ac_cv_header_inttypes_h=yes
ac_cv_header_memory_h=yes
ac_cv_header_stdbool_h=yes
ac_cv_header_stdc=yes
ac_cv_header_stdint_h=yes
ac_cv_header_stdlib_h=yes
ac_cv_header_string_h=yes
ac_cv_header_strings_h=yes
ac_cv_header_sys_stat_h=yes
ac_cv_header_sys_types_h=yes
ac_cv_header_unistd_h=yes
ac_cv_header_utf8_h=yes
ac_cv_objext=o
ac_cv_path_EGREP='/usr/bin/grep -E'
ac_cv_path_GREP=/usr/bin/grep
ac_cv_path_install='/usr/bin/install -c'
ac_cv_prog_CXXCPP='g++ -E'
ac_cv_prog_ac_ct_CC=gcc
ac_cv_prog_ac_ct_CXX=g++
ac_cv_prog_cc_c89=
ac_cv_prog_cc_g=yes
ac_cv_prog_cxx_g=yes
ac_cv_search_FT_Init_FreeType=-lfreetype
ac_cv_search_PHYSFS_init=-lphysfs
ac_cv_search_SOIL_load_OGL_texture=-lSOIL
ac_cv_search_alcOpenDevice=-lopenal
ac_cv_search_alureInitDevice=-lalure
ac_cv_search_glBegin=-lGL
ac_cv_search_glewInit=-lGLEW
ac_cv_search_glfwInit=-lglfw
ac_cv_search_luaL_register=-llua
ac_cv_type__Bool=no

## ----------------- ##
## Output variables. ##
## ----------------- ##

CC='gcc'
CFLAGS='-g -O2'
CPPFLAGS=''
CXX='g++'
CXXCPP='g++ -E'
CXXFLAGS='-g -O2 -I/usr/include/freetype2'
DEFS='-DHAVE_CONFIG_H'
ECHO_C=''
ECHO_N='-n'
ECHO_T=''
EGREP='/usr/bin/grep -E'
EXEEXT=''
GREP='/usr/bin/grep'
INSTALL_DATA='${INSTALL} -m 644'
INSTALL_PROGRAM='${INSTALL}'
INSTALL_SCRIPT='${INSTALL}'
LDFLAGS=''
LIBOBJS=''
LIBS='-lphysfs -lalure -lopenal -lSOIL -llua -lfreetype -lglfw -lGLEW -lGL '
LTLIBOBJS=''
OBJEXT='o'
PACKAGE_BUGREPORT='naelstrof@gmail.com'
PACKAGE_NAME='astrostruct'
PACKAGE_STRING='astrostruct 1.0'
PACKAGE_TARNAME='astrostruct'
PACKAGE_URL=''
PACKAGE_VERSION='1.0'
PATH_SEPARATOR=':'
SHELL='/bin/sh'
ac_ct_CC='gcc'
ac_ct_CXX='g++'
bindir='${exec_prefix}/bin'
build_alias=''
datadir='${datarootdir}'
datarootdir='${prefix}/share'
docdir='${datarootdir}/doc/${PACKAGE_TARNAME}'
dvidir='${docdir}'
exec_prefix='${prefix}'
host_alias=''
htmldir='${docdir}'
includedir='${prefix}/include'
infodir='${datarootdir}/info'
libdir='${exec_prefix}/lib'
libexecdir='${exec_prefix}/libexec'
localedir='${datarootdir}/locale'
localstatedir='${prefix}/var'
mandir='${datarootdir}/man'
oldincludedir='/usr/include'
pdfdir='${docdir}'
prefix='/usr/local'
program_transform_name='s,x,x,'
psdir='${docdir}'
sbindir='${exec_prefix}/sbin'
sharedstatedir='${prefix}/com'
sysconfdir='${prefix}/etc'
target_alias=''

## ----------- ##
## confdefs.h. ##
## ----------- ##

/* confdefs.h */
#define PACKAGE_NAME "astrostruct"
#define PACKAGE_TARNAME "astrostruct"
#define PACKAGE_VERSION "1.0"
#define PACKAGE_STRING "astrostruct 1.0"
#define PACKAGE_BUGREPORT "naelstrof@gmail.com"
#define PACKAGE_URL ""
#define STDC_HEADERS 1
#define HAVE_SYS_TYPES_H 1
#define HAVE_SYS_STAT_H 1
#define HAVE_STDLIB_H 1
#define HAVE_STRING_H 1
#define HAVE_MEMORY_H 1
#define HAVE_STRINGS_H 1
#define HAVE_INTTYPES_H 1
#define HAVE_STDINT_H 1
#define HAVE_UNISTD_H 1
#define HAVE_UTF8_H 1
#define HAVE_GLM_GLM_HPP 1
#define HAVE_STDBOOL_H 1
#define HAVE_FLOOR 1
#define HAVE_SQRT 1

configure: exit 0
